INFO: [VRFC 10-2263] Analyzing Verilog file "D:/riscv_processor/project_00/project_00.srcs/sources_1/new/alu.v" into library xil_defaultlib
INFO: [VRFC 10-311] analyzing module alu
INFO: [VRFC 10-2263] Analyzing Verilog file "D:/riscv_processor/project_00/project_00.srcs/sources_1/new/control.v" into library xil_defaultlib
INFO: [VRFC 10-311] analyzing module control
INFO: [VRFC 10-2263] Analyzing Verilog file "D:/riscv_processor/project_00/project_00.srcs/sources_1/new/dmem.v" into library xil_defaultlib
INFO: [VRFC 10-311] analyzing module dmem
INFO: [VRFC 10-2263] Analyzing Verilog file "D:/riscv_processor/project_00/project_00.srcs/sources_1/new/imem.v" into library xil_defaultlib
INFO: [VRFC 10-311] analyzing module imem
INFO: [VRFC 10-2263] Analyzing Verilog file "D:/riscv_processor/ml_voter/ml_voter.v" into library xil_defaultlib
INFO: [VRFC 10-311] analyzing module ml_voter
INFO: [VRFC 10-2263] Analyzing Verilog file "D:/riscv_processor/project_00/project_00.srcs/sources_1/new/pc.v" into library xil_defaultlib
INFO: [VRFC 10-311] analyzing module pc
INFO: [VRFC 10-2263] Analyzing Verilog file "D:/riscv_processor/project_00/project_00.srcs/sources_1/new/regfile.v" into library xil_defaultlib
INFO: [VRFC 10-311] analyzing module regfile
INFO: [VRFC 10-2263] Analyzing Verilog file "D:/riscv_processor/project_00/project_00.srcs/sim_1/new/riscv_top_tb.v" into library xil_defaultlib
INFO: [VRFC 10-311] analyzing module riscv_top
INFO: [VRFC 10-2263] Analyzing Verilog file "D:/riscv_processor/project_00/project_00.srcs/sources_1/new/tmr_top.v" into library xil_defaultlib
INFO: [VRFC 10-311] analyzing module tmr_top
INFO: [VRFC 10-2263] Analyzing Verilog file "D:/riscv_processor/project_00/project_00.srcs/sim_1/new/tmr_tb.v" into library xil_defaultlib
INFO: [VRFC 10-311] analyzing module tmr_tb
