Vivado Simulator v2025.2
Copyright 1986-2022 Xilinx, Inc. All Rights Reserved.
Copyright 2022-2025 Advanced Micro Devices, Inc. All Rights Reserved.
Running: D:/Vivado12/2025.2/Vivado/bin/unwrapped/win64.o/xelab.exe --incr --debug typical --relax --mt 2 -L xil_defaultlib -L unisims_ver -L unimacro_ver -L secureip -L xpm --snapshot tmr_tb_behav xil_defaultlib.tmr_tb xil_defaultlib.glbl -log elaborate.log 
Using 2 slave threads.
Starting static elaboration
Pass Through NonSizing Optimizer
Completed static elaboration
Starting simulation data flow analysis
WARNING: [XSIM 43-4099] "D:/riscv_processor/project_00/project_00.srcs/sim_1/new/riscv_top_tb.v" Line 1. Module riscv_top doesn't have a timescale but at least one module in design has a timescale.
WARNING: [XSIM 43-4099] "D:/riscv_processor/project_00/project_00.srcs/sources_1/new/pc.v" Line 2. Module pc doesn't have a timescale but at least one module in design has a timescale.
WARNING: [XSIM 43-4099] "D:/riscv_processor/project_00/project_00.srcs/sources_1/new/imem.v" Line 1. Module imem doesn't have a timescale but at least one module in design has a timescale.
WARNING: [XSIM 43-4099] "D:/riscv_processor/project_00/project_00.srcs/sources_1/new/control.v" Line 1. Module control doesn't have a timescale but at least one module in design has a timescale.
WARNING: [XSIM 43-4099] "D:/riscv_processor/project_00/project_00.srcs/sources_1/new/regfile.v" Line 1. Module regfile doesn't have a timescale but at least one module in design has a timescale.
WARNING: [XSIM 43-4099] "D:/riscv_processor/project_00/project_00.srcs/sources_1/new/alu.v" Line 1. Module alu doesn't have a timescale but at least one module in design has a timescale.
WARNING: [XSIM 43-4099] "D:/riscv_processor/project_00/project_00.srcs/sources_1/new/dmem.v" Line 1. Module dmem doesn't have a timescale but at least one module in design has a timescale.
WARNING: [XSIM 43-4099] "D:/riscv_processor/project_00/project_00.srcs/sim_1/new/riscv_top_tb.v" Line 1. Module riscv_top doesn't have a timescale but at least one module in design has a timescale.
WARNING: [XSIM 43-4099] "D:/riscv_processor/project_00/project_00.srcs/sources_1/new/pc.v" Line 2. Module pc doesn't have a timescale but at least one module in design has a timescale.
WARNING: [XSIM 43-4099] "D:/riscv_processor/project_00/project_00.srcs/sources_1/new/imem.v" Line 1. Module imem doesn't have a timescale but at least one module in design has a timescale.
WARNING: [XSIM 43-4099] "D:/riscv_processor/project_00/project_00.srcs/sources_1/new/control.v" Line 1. Module control doesn't have a timescale but at least one module in design has a timescale.
WARNING: [XSIM 43-4099] "D:/riscv_processor/project_00/project_00.srcs/sources_1/new/regfile.v" Line 1. Module regfile doesn't have a timescale but at least one module in design has a timescale.
WARNING: [XSIM 43-4099] "D:/riscv_processor/project_00/project_00.srcs/sources_1/new/alu.v" Line 1. Module alu doesn't have a timescale but at least one module in design has a timescale.
WARNING: [XSIM 43-4099] "D:/riscv_processor/project_00/project_00.srcs/sources_1/new/dmem.v" Line 1. Module dmem doesn't have a timescale but at least one module in design has a timescale.
WARNING: [XSIM 43-4099] "D:/riscv_processor/project_00/project_00.srcs/sim_1/new/riscv_top_tb.v" Line 1. Module riscv_top doesn't have a timescale but at least one module in design has a timescale.
WARNING: [XSIM 43-4099] "D:/riscv_processor/project_00/project_00.srcs/sources_1/new/pc.v" Line 2. Module pc doesn't have a timescale but at least one module in design has a timescale.
WARNING: [XSIM 43-4099] "D:/riscv_processor/project_00/project_00.srcs/sources_1/new/imem.v" Line 1. Module imem doesn't have a timescale but at least one module in design has a timescale.
WARNING: [XSIM 43-4099] "D:/riscv_processor/project_00/project_00.srcs/sources_1/new/control.v" Line 1. Module control doesn't have a timescale but at least one module in design has a timescale.
WARNING: [XSIM 43-4099] "D:/riscv_processor/project_00/project_00.srcs/sources_1/new/regfile.v" Line 1. Module regfile doesn't have a timescale but at least one module in design has a timescale.
WARNING: [XSIM 43-4099] "D:/riscv_processor/project_00/project_00.srcs/sources_1/new/alu.v" Line 1. Module alu doesn't have a timescale but at least one module in design has a timescale.
WARNING: [XSIM 43-4099] "D:/riscv_processor/project_00/project_00.srcs/sources_1/new/dmem.v" Line 1. Module dmem doesn't have a timescale but at least one module in design has a timescale.
WARNING: [XSIM 43-4099] "D:/riscv_processor/ml_voter/ml_voter.v" Line 6. Module ml_voter doesn't have a timescale but at least one module in design has a timescale.
Completed simulation data flow analysis
Time Resolution for simulation is 1ps
Compiling module xil_defaultlib.pc
Compiling module xil_defaultlib.imem
Compiling module xil_defaultlib.control
Compiling module xil_defaultlib.regfile
Compiling module xil_defaultlib.alu
Compiling module xil_defaultlib.dmem
Compiling module xil_defaultlib.riscv_top
Compiling module xil_defaultlib.ml_voter
Compiling module xil_defaultlib.tmr_top
Compiling module xil_defaultlib.tmr_tb
Compiling module xil_defaultlib.glbl
Built simulation snapshot tmr_tb_behav
