
*** Running vivado
    with args -log tmr_top.vds -m64 -product Vivado -mode batch -messageDb vivado.pb -notrace -source tmr_top.tcl



****** Vivado v2025.2 (64-bit)
  **** SW Build 6299465 on Fri Nov 14 19:35:11 GMT 2025
  **** IP Build 6300035 on Fri Nov 14 10:48:45 MST 2025
  **** SharedData Build 6298862 on Thu Nov 13 04:50:51 MST 2025
  **** Start of session at: Sun Apr  5 18:56:41 2026
    ** Copyright 1986-2022 Xilinx, Inc. All Rights Reserved.
    ** Copyright 2022-2025 Advanced Micro Devices, Inc. All Rights Reserved.

source tmr_top.tcl -notrace
create_project: Time (s): cpu = 00:00:15 ; elapsed = 00:00:10 . Memory (MB): peak = 558.672 ; gain = 222.438
Command: read_checkpoint -auto_incremental -incremental D:/riscv_processor/project_00/project_00.srcs/utils_1/imports/synth_1/riscv_top.dcp
INFO: [Vivado 12-5825] Read reference checkpoint from D:/riscv_processor/project_00/project_00.srcs/utils_1/imports/synth_1/riscv_top.dcp for incremental synthesis
INFO: [Vivado 12-7989] Please ensure there are no constraint changes
Command: synth_design -top tmr_top -part xc7s50csga324-1
Starting synth_design
Attempting to get a license for feature 'Synthesis' and/or device 'xc7s50'
INFO: [Common 17-349] Got license for feature 'Synthesis' and/or device 'xc7s50'
INFO: [Device 21-403] Loading part xc7s50csga324-1
INFO: [Synth 8-7079] Multithreading enabled for synth_design using a maximum of 2 processes.
INFO: [Synth 8-7078] Launching helper process for spawning children vivado processes
INFO: [Synth 8-7075] Helper process launched with PID 17036
---------------------------------------------------------------------------------
Starting RTL Elaboration : Time (s): cpu = 00:00:09 ; elapsed = 00:00:09 . Memory (MB): peak = 1273.355 ; gain = 539.367
---------------------------------------------------------------------------------
INFO: [Synth 8-6157] synthesizing module 'tmr_top' [D:/riscv_processor/project_00/project_00.srcs/sources_1/new/tmr_top.v:2]
INFO: [Synth 8-6157] synthesizing module 'riscv_top' [D:/riscv_processor/project_00/project_00.srcs/sources_1/new/riscv_top.v:1]
INFO: [Synth 8-6157] synthesizing module 'pc' [D:/riscv_processor/project_00/project_00.srcs/sources_1/new/pc.v:2]
INFO: [Synth 8-6155] done synthesizing module 'pc' (0#1) [D:/riscv_processor/project_00/project_00.srcs/sources_1/new/pc.v:2]
INFO: [Synth 8-6157] synthesizing module 'imem' [D:/riscv_processor/project_00/project_00.srcs/sources_1/new/imem.v:1]
INFO: [Synth 8-6155] done synthesizing module 'imem' (0#1) [D:/riscv_processor/project_00/project_00.srcs/sources_1/new/imem.v:1]
INFO: [Synth 8-6157] synthesizing module 'control' [D:/riscv_processor/project_00/project_00.srcs/sources_1/new/control.v:1]
INFO: [Synth 8-6155] done synthesizing module 'control' (0#1) [D:/riscv_processor/project_00/project_00.srcs/sources_1/new/control.v:1]
INFO: [Synth 8-6157] synthesizing module 'regfile' [D:/riscv_processor/project_00/project_00.srcs/sources_1/new/regfile.v:1]
INFO: [Synth 8-6155] done synthesizing module 'regfile' (0#1) [D:/riscv_processor/project_00/project_00.srcs/sources_1/new/regfile.v:1]
INFO: [Synth 8-6157] synthesizing module 'alu' [D:/riscv_processor/project_00/project_00.srcs/sources_1/new/alu.v:1]
INFO: [Synth 8-6155] done synthesizing module 'alu' (0#1) [D:/riscv_processor/project_00/project_00.srcs/sources_1/new/alu.v:1]
INFO: [Synth 8-6157] synthesizing module 'dmem' [D:/riscv_processor/project_00/project_00.srcs/sources_1/new/dmem.v:1]
INFO: [Synth 8-6155] done synthesizing module 'dmem' (0#1) [D:/riscv_processor/project_00/project_00.srcs/sources_1/new/dmem.v:1]
INFO: [Synth 8-6155] done synthesizing module 'riscv_top' (0#1) [D:/riscv_processor/project_00/project_00.srcs/sources_1/new/riscv_top.v:1]
INFO: [Synth 8-6157] synthesizing module 'ml_voter' [D:/riscv_processor/ml_voter/ml_voter.v:2]
INFO: [Synth 8-6155] done synthesizing module 'ml_voter' (0#1) [D:/riscv_processor/ml_voter/ml_voter.v:2]
INFO: [Synth 8-6155] done synthesizing module 'tmr_top' (0#1) [D:/riscv_processor/project_00/project_00.srcs/sources_1/new/tmr_top.v:2]
WARNING: [Synth 8-7129] Port addr[31] in module dmem is either unconnected or has no load
WARNING: [Synth 8-7129] Port addr[30] in module dmem is either unconnected or has no load
WARNING: [Synth 8-7129] Port addr[29] in module dmem is either unconnected or has no load
WARNING: [Synth 8-7129] Port addr[28] in module dmem is either unconnected or has no load
WARNING: [Synth 8-7129] Port addr[27] in module dmem is either unconnected or has no load
WARNING: [Synth 8-7129] Port addr[26] in module dmem is either unconnected or has no load
WARNING: [Synth 8-7129] Port addr[25] in module dmem is either unconnected or has no load
WARNING: [Synth 8-7129] Port addr[24] in module dmem is either unconnected or has no load
WARNING: [Synth 8-7129] Port addr[23] in module dmem is either unconnected or has no load
WARNING: [Synth 8-7129] Port addr[22] in module dmem is either unconnected or has no load
WARNING: [Synth 8-7129] Port addr[21] in module dmem is either unconnected or has no load
WARNING: [Synth 8-7129] Port addr[20] in module dmem is either unconnected or has no load
WARNING: [Synth 8-7129] Port addr[19] in module dmem is either unconnected or has no load
WARNING: [Synth 8-7129] Port addr[18] in module dmem is either unconnected or has no load
WARNING: [Synth 8-7129] Port addr[17] in module dmem is either unconnected or has no load
WARNING: [Synth 8-7129] Port addr[16] in module dmem is either unconnected or has no load
WARNING: [Synth 8-7129] Port addr[15] in module dmem is either unconnected or has no load
WARNING: [Synth 8-7129] Port addr[14] in module dmem is either unconnected or has no load
WARNING: [Synth 8-7129] Port addr[13] in module dmem is either unconnected or has no load
WARNING: [Synth 8-7129] Port addr[12] in module dmem is either unconnected or has no load
WARNING: [Synth 8-7129] Port addr[11] in module dmem is either unconnected or has no load
WARNING: [Synth 8-7129] Port addr[10] in module dmem is either unconnected or has no load
WARNING: [Synth 8-7129] Port addr[1] in module dmem is either unconnected or has no load
WARNING: [Synth 8-7129] Port addr[0] in module dmem is either unconnected or has no load
WARNING: [Synth 8-7129] Port addr[31] in module imem is either unconnected or has no load
WARNING: [Synth 8-7129] Port addr[30] in module imem is either unconnected or has no load
WARNING: [Synth 8-7129] Port addr[29] in module imem is either unconnected or has no load
WARNING: [Synth 8-7129] Port addr[28] in module imem is either unconnected or has no load
WARNING: [Synth 8-7129] Port addr[27] in module imem is either unconnected or has no load
WARNING: [Synth 8-7129] Port addr[26] in module imem is either unconnected or has no load
WARNING: [Synth 8-7129] Port addr[25] in module imem is either unconnected or has no load
WARNING: [Synth 8-7129] Port addr[24] in module imem is either unconnected or has no load
WARNING: [Synth 8-7129] Port addr[23] in module imem is either unconnected or has no load
WARNING: [Synth 8-7129] Port addr[22] in module imem is either unconnected or has no load
WARNING: [Synth 8-7129] Port addr[21] in module imem is either unconnected or has no load
WARNING: [Synth 8-7129] Port addr[20] in module imem is either unconnected or has no load
WARNING: [Synth 8-7129] Port addr[19] in module imem is either unconnected or has no load
WARNING: [Synth 8-7129] Port addr[18] in module imem is either unconnected or has no load
WARNING: [Synth 8-7129] Port addr[17] in module imem is either unconnected or has no load
WARNING: [Synth 8-7129] Port addr[16] in module imem is either unconnected or has no load
WARNING: [Synth 8-7129] Port addr[15] in module imem is either unconnected or has no load
WARNING: [Synth 8-7129] Port addr[14] in module imem is either unconnected or has no load
WARNING: [Synth 8-7129] Port addr[13] in module imem is either unconnected or has no load
WARNING: [Synth 8-7129] Port addr[12] in module imem is either unconnected or has no load
WARNING: [Synth 8-7129] Port addr[11] in module imem is either unconnected or has no load
WARNING: [Synth 8-7129] Port addr[10] in module imem is either unconnected or has no load
WARNING: [Synth 8-7129] Port addr[1] in module imem is either unconnected or has no load
WARNING: [Synth 8-7129] Port addr[0] in module imem is either unconnected or has no load
---------------------------------------------------------------------------------
Finished RTL Elaboration : Time (s): cpu = 00:00:12 ; elapsed = 00:00:13 . Memory (MB): peak = 1395.363 ; gain = 661.375
---------------------------------------------------------------------------------
---------------------------------------------------------------------------------
Start Handling Custom Attributes
---------------------------------------------------------------------------------
---------------------------------------------------------------------------------
Finished Handling Custom Attributes : Time (s): cpu = 00:00:12 ; elapsed = 00:00:13 . Memory (MB): peak = 1395.363 ; gain = 661.375
---------------------------------------------------------------------------------
---------------------------------------------------------------------------------
Finished RTL Optimization Phase 1 : Time (s): cpu = 00:00:12 ; elapsed = 00:00:13 . Memory (MB): peak = 1395.363 ; gain = 661.375
---------------------------------------------------------------------------------
Netlist sorting complete. Time (s): cpu = 00:00:00 ; elapsed = 00:00:00.088 . Memory (MB): peak = 1395.363 ; gain = 0.000
INFO: [Project 1-570] Preparing netlist for logic optimization

Processing XDC Constraints
Initializing timing engine
Parsing XDC File [D:/riscv_processor/project_00/project_00.srcs/constrs_1/new/constraints.xdc]
Finished Parsing XDC File [D:/riscv_processor/project_00/project_00.srcs/constrs_1/new/constraints.xdc]
INFO: [Project 1-236] Implementation specific constraints were found while reading constraint file [D:/riscv_processor/project_00/project_00.srcs/constrs_1/new/constraints.xdc]. These constraints will be ignored for synthesis but will be used in implementation. Impacted constraints are listed in the file [.Xil/tmr_top_propImpl.xdc].
Resolution: To avoid this warning, move constraints listed in [.Xil/tmr_top_propImpl.xdc] to another XDC file and exclude this new file from synthesis with the used_in_synthesis property (File Properties dialog in GUI) and re-run elaboration/synthesis.
Completed Processing XDC Constraints

Netlist sorting complete. Time (s): cpu = 00:00:00 ; elapsed = 00:00:00.004 . Memory (MB): peak = 1471.184 ; gain = 0.000
INFO: [Project 1-111] Unisim Transformation Summary:
No Unisim elements were transformed.

Constraint Validation Runtime : Time (s): cpu = 00:00:00 ; elapsed = 00:00:00.083 . Memory (MB): peak = 1471.184 ; gain = 0.000
---------------------------------------------------------------------------------
Finished Constraint Validation : Time (s): cpu = 00:00:27 ; elapsed = 00:00:30 . Memory (MB): peak = 1471.184 ; gain = 737.195
---------------------------------------------------------------------------------
---------------------------------------------------------------------------------
Start Loading Part and Timing Information
---------------------------------------------------------------------------------
Loading part: xc7s50csga324-1
---------------------------------------------------------------------------------
Finished Loading Part and Timing Information : Time (s): cpu = 00:00:27 ; elapsed = 00:00:30 . Memory (MB): peak = 1471.184 ; gain = 737.195
---------------------------------------------------------------------------------
---------------------------------------------------------------------------------
Start Applying 'set_property' XDC Constraints
---------------------------------------------------------------------------------
---------------------------------------------------------------------------------
Finished applying 'set_property' XDC Constraints : Time (s): cpu = 00:00:27 ; elapsed = 00:00:30 . Memory (MB): peak = 1471.184 ; gain = 737.195
---------------------------------------------------------------------------------
---------------------------------------------------------------------------------
Start Preparing Guide Design
---------------------------------------------------------------------------------
CRITICAL WARNING: [Synth 8-6895] The reference checkpoint D:/riscv_processor/project_00/project_00.srcs/utils_1/imports/synth_1/riscv_top.dcp is not suitable for use with incremental synthesis for this design. Please regenerate the checkpoint for this design with -incremental_synth switch in the same Vivado session that synth_design has been run. Synthesis will continue with the default flow
---------------------------------------------------------------------------------
Finished Doing Graph Differ : Time (s): cpu = 00:00:27 ; elapsed = 00:00:30 . Memory (MB): peak = 1471.184 ; gain = 737.195
---------------------------------------------------------------------------------
---------------------------------------------------------------------------------
Finished Preparing Guide Design : Time (s): cpu = 00:00:27 ; elapsed = 00:00:30 . Memory (MB): peak = 1471.184 ; gain = 737.195
---------------------------------------------------------------------------------
---------------------------------------------------------------------------------
Finished RTL Optimization Phase 2 : Time (s): cpu = 00:00:28 ; elapsed = 00:00:31 . Memory (MB): peak = 1471.184 ; gain = 737.195
---------------------------------------------------------------------------------
INFO: [Synth 8-223] decloning instance 'CPU1' (riscv_top) to 'CPU2'
INFO: [Synth 8-223] decloning instance 'CPU1' (riscv_top) to 'CPU3'


Incremental Synthesis Report Summary:

1. Incremental synthesis run: no

   Reason for not running incremental synthesis : 


INFO: [Synth 8-7130] Flow is switching to default flow due to incremental criteria not met. If you would like to alter this behaviour and have the flow terminate instead, please set the following parameter config_implementation {autoIncr.Synth.RejectBehavior Terminate}
---------------------------------------------------------------------------------
Start RTL Component Statistics 
---------------------------------------------------------------------------------
Detailed RTL Component Info : 
+---Adders : 
	   2 Input   32 Bit       Adders := 2     
	   3 Input   32 Bit       Adders := 1     
+---XORs : 
	   2 Input     32 Bit         XORs := 1     
+---Registers : 
	               32 Bit    Registers := 35    
	                2 Bit    Registers := 1     
	                1 Bit    Registers := 1     
+---Muxes : 
	   7 Input   32 Bit        Muxes := 1     
	   2 Input   32 Bit        Muxes := 5     
	   4 Input   32 Bit        Muxes := 1     
	   6 Input    2 Bit        Muxes := 1     
	   2 Input    1 Bit        Muxes := 32    
---------------------------------------------------------------------------------
Finished RTL Component Statistics 
---------------------------------------------------------------------------------
---------------------------------------------------------------------------------
Start Part Resource Summary
---------------------------------------------------------------------------------
Part Resources:
DSPs: 120 (col length:60)
BRAMs: 150 (col length: RAMB18 60 RAMB36 30)
---------------------------------------------------------------------------------
Finished Part Resource Summary
---------------------------------------------------------------------------------
---------------------------------------------------------------------------------
Start Cross Boundary and Area Optimization
---------------------------------------------------------------------------------
WARNING: [Synth 8-13161] RAM (\CPU1/__0 ) is optimized away because it doesn't have any load.
WARNING: [Synth 8-6014] Unused sequential element CPU1/DMEM/mem_reg was removed. 
---------------------------------------------------------------------------------
Finished Cross Boundary and Area Optimization : Time (s): cpu = 00:00:32 ; elapsed = 00:00:36 . Memory (MB): peak = 1471.184 ; gain = 737.195
---------------------------------------------------------------------------------
---------------------------------------------------------------------------------
Start Applying XDC Timing Constraints
---------------------------------------------------------------------------------
---------------------------------------------------------------------------------
Finished Applying XDC Timing Constraints : Time (s): cpu = 00:00:42 ; elapsed = 00:00:46 . Memory (MB): peak = 1593.520 ; gain = 859.531
---------------------------------------------------------------------------------
---------------------------------------------------------------------------------
Start Timing Optimization
---------------------------------------------------------------------------------
---------------------------------------------------------------------------------
Finished Timing Optimization : Time (s): cpu = 00:00:42 ; elapsed = 00:00:46 . Memory (MB): peak = 1614.625 ; gain = 880.637
---------------------------------------------------------------------------------
---------------------------------------------------------------------------------
Start Technology Mapping
---------------------------------------------------------------------------------
---------------------------------------------------------------------------------
Finished Technology Mapping : Time (s): cpu = 00:00:42 ; elapsed = 00:00:46 . Memory (MB): peak = 1614.625 ; gain = 880.637
---------------------------------------------------------------------------------
---------------------------------------------------------------------------------
Start IO Insertion
---------------------------------------------------------------------------------
---------------------------------------------------------------------------------
Start Flattening Before IO Insertion
---------------------------------------------------------------------------------
---------------------------------------------------------------------------------
Finished Flattening Before IO Insertion
---------------------------------------------------------------------------------
---------------------------------------------------------------------------------
Start Final Netlist Cleanup
---------------------------------------------------------------------------------
---------------------------------------------------------------------------------
Finished Final Netlist Cleanup
---------------------------------------------------------------------------------
---------------------------------------------------------------------------------
Finished IO Insertion : Time (s): cpu = 00:00:48 ; elapsed = 00:00:54 . Memory (MB): peak = 1852.852 ; gain = 1118.863
---------------------------------------------------------------------------------
---------------------------------------------------------------------------------
Start Renaming Generated Instances
---------------------------------------------------------------------------------
---------------------------------------------------------------------------------
Finished Renaming Generated Instances : Time (s): cpu = 00:00:48 ; elapsed = 00:00:54 . Memory (MB): peak = 1852.852 ; gain = 1118.863
---------------------------------------------------------------------------------
---------------------------------------------------------------------------------
Start Rebuilding User Hierarchy
---------------------------------------------------------------------------------
---------------------------------------------------------------------------------
Finished Rebuilding User Hierarchy : Time (s): cpu = 00:00:48 ; elapsed = 00:00:54 . Memory (MB): peak = 1852.852 ; gain = 1118.863
---------------------------------------------------------------------------------
---------------------------------------------------------------------------------
Start Renaming Generated Ports
---------------------------------------------------------------------------------
---------------------------------------------------------------------------------
Finished Renaming Generated Ports : Time (s): cpu = 00:00:48 ; elapsed = 00:00:54 . Memory (MB): peak = 1852.852 ; gain = 1118.863
---------------------------------------------------------------------------------
---------------------------------------------------------------------------------
Start Handling Custom Attributes
---------------------------------------------------------------------------------
---------------------------------------------------------------------------------
Finished Handling Custom Attributes : Time (s): cpu = 00:00:48 ; elapsed = 00:00:54 . Memory (MB): peak = 1852.852 ; gain = 1118.863
---------------------------------------------------------------------------------
---------------------------------------------------------------------------------
Start Renaming Generated Nets
---------------------------------------------------------------------------------
---------------------------------------------------------------------------------
Finished Renaming Generated Nets : Time (s): cpu = 00:00:48 ; elapsed = 00:00:54 . Memory (MB): peak = 1852.852 ; gain = 1118.863
---------------------------------------------------------------------------------
---------------------------------------------------------------------------------
Start Writing Synthesis Report
---------------------------------------------------------------------------------

Report BlackBoxes: 
+-+--------------+----------+
| |BlackBox name |Instances |
+-+--------------+----------+
+-+--------------+----------+

Report Cell Usage: 
+------+-------+------+
|      |Cell   |Count |
+------+-------+------+
|1     |BUFG   |     1|
|2     |CARRY4 |    14|
|3     |LUT1   |     2|
|4     |LUT2   |     1|
|5     |LUT3   |    30|
|6     |LUT4   |    18|
|7     |LUT5   |    13|
|8     |FDCE   |    91|
|9     |IBUF   |    35|
|10    |OBUF   |    33|
+------+-------+------+
---------------------------------------------------------------------------------
Finished Writing Synthesis Report : Time (s): cpu = 00:00:48 ; elapsed = 00:00:54 . Memory (MB): peak = 1852.852 ; gain = 1118.863
---------------------------------------------------------------------------------
Synthesis finished with 0 errors, 1 critical warnings and 2 warnings.
Synthesis Optimization Runtime : Time (s): cpu = 00:00:33 ; elapsed = 00:00:48 . Memory (MB): peak = 1852.852 ; gain = 1043.043
Synthesis Optimization Complete : Time (s): cpu = 00:00:49 ; elapsed = 00:00:54 . Memory (MB): peak = 1852.852 ; gain = 1118.863
INFO: [Project 1-571] Translating synthesized netlist
Netlist sorting complete. Time (s): cpu = 00:00:00 ; elapsed = 00:00:00.010 . Memory (MB): peak = 1862.035 ; gain = 0.000
INFO: [Netlist 29-17] Analyzing 14 Unisim elements for replacement
INFO: [Netlist 29-28] Unisim Transformation completed in 0 CPU seconds
INFO: [Project 1-570] Preparing netlist for logic optimization
INFO: [Opt 31-138] Pushed 0 inverter(s) to 0 load pin(s).
Netlist sorting complete. Time (s): cpu = 00:00:00 ; elapsed = 00:00:00 . Memory (MB): peak = 1865.723 ; gain = 0.000
INFO: [Project 1-111] Unisim Transformation Summary:
No Unisim elements were transformed.

Synth Design complete | Checksum: be8c2a05
INFO: [Common 17-83] Releasing license: Synthesis
38 Infos, 50 Warnings, 1 Critical Warnings and 0 Errors encountered.
synth_design completed successfully
synth_design: Time (s): cpu = 00:00:54 ; elapsed = 00:01:05 . Memory (MB): peak = 1865.723 ; gain = 1302.316
INFO: [runtcl-6] Synthesis results are not added to the cache due to CRITICAL_WARNING
Write ShapeDB Complete: Time (s): cpu = 00:00:00 ; elapsed = 00:00:00.015 . Memory (MB): peak = 1865.723 ; gain = 0.000
INFO: [Common 17-1381] The checkpoint 'D:/riscv_processor/project_00/project_00.runs/synth_1/tmr_top.dcp' has been generated.
INFO: [Vivado 12-24828] Executing command : report_utilization -file tmr_top_utilization_synth.rpt -pb tmr_top_utilization_synth.pb
INFO: [Common 17-206] Exiting Vivado at Sun Apr  5 18:58:07 2026...
